This file contains any messages produced by compilers while
running configure, to aid debugging if configure makes a mistake.

It was created by jansson configure 2.8, which was
generated by GNU Autoconf 2.69.  Invocation command line was

  $ ./configure 

## --------- ##
## Platform. ##
## --------- ##

hostname = DESKTOP-HAP7ED9
uname -m = i686
uname -r = 2.3.0(0.291/5/3)
uname -s = CYGWIN_NT-10.0-WOW
uname -v = 2015-11-09 10:22

/usr/bin/uname -p = unknown
/bin/uname -X     = unknown

/bin/arch              = i686
/usr/bin/arch -k       = unknown
/usr/convex/getsysinfo = unknown
/usr/bin/hostinfo      = unknown
/bin/machine           = unknown
/usr/bin/oslevel       = unknown
/bin/universe          = unknown

PATH: /usr/local/bin
PATH: /usr/bin
PATH: /cygdrive/c/Program Files/Dell/DW WLAN Card
PATH: /cygdrive/c/Program Files (x86)/Intel/iCLS Client
PATH: /cygdrive/c/Program Files/Intel/iCLS Client
PATH: /cygdrive/c/WINDOWS/system32
PATH: /cygdrive/c/WINDOWS
PATH: /cygdrive/c/WINDOWS/System32/Wbem
PATH: /cygdrive/c/WINDOWS/System32/WindowsPowerShell/v1.0
PATH: /cygdrive/c/Program Files (x86)/Intel/Intel(R) Management Engine Components/DAL
PATH: /cygdrive/c/Program Files/Intel/Intel(R) Management Engine Components/DAL
PATH: /cygdrive/c/Program Files (x86)/Intel/Intel(R) Management Engine Components/IPT
PATH: /cygdrive/c/Program Files/Intel/Intel(R) Management Engine Components/IPT
PATH: /cygdrive/c/Program Files (x86)/Skype/Phone
PATH: /cygdrive/c/Program Files (x86)/Subversion/bin
PATH: /cygdrive/c/Program Files (x86)/IVI Foundation/VISA/WinNT/Bin
PATH: /cygdrive/c/Program Files/IVI Foundation/VISA/Win64/Bin
PATH: /cygdrive/c/Program Files (x86)/IVI Foundation/VISA/WinNT/TekVISA/BIN
PATH: /cygdrive/c/Program Files (x86)/Intel/iCLS Client
PATH: /cygdrive/c/Program Files/Intel/iCLS Client
PATH: /cygdrive/c/Program Files/Dell/DW WLAN Card
PATH: /cygdrive/c/Windows/system32
PATH: /cygdrive/c/Windows
PATH: /cygdrive/c/Windows/System32/Wbem
PATH: /cygdrive/c/Windows/System32/WindowsPowerShell/v1.0
PATH: /cygdrive/c/Program Files (x86)/Intel/Intel(R) Management Engine Components/DAL
PATH: /cygdrive/c/Program Files/Intel/Intel(R) Management Engine Components/DAL
PATH: /cygdrive/c/Program Files (x86)/Intel/Intel(R) Management Engine Components/IPT
PATH: /cygdrive/c/Program Files/Intel/Intel(R) Management Engine Components/IPT
PATH: /cygdrive/c/Users/rkris/AppData/Local/Microsoft/WindowsApps


## ----------- ##
## Core tests. ##
## ----------- ##

configure:2397: checking for a BSD-compatible install
configure:2465: result: /usr/bin/install -c
configure:2476: checking whether build environment is sane
configure:2531: result: yes
configure:2682: checking for a thread-safe mkdir -p
configure:2721: result: /usr/bin/mkdir -p
configure:2728: checking for gawk
configure:2744: found /usr/bin/gawk
configure:2755: result: gawk
configure:2766: checking whether make sets $(MAKE)
configure:2792: result: no
configure:2817: checking whether make supports nested variables
configure:2834: result: no
configure:3014: checking for gcc
configure:3030: found /usr/bin/gcc
configure:3041: result: gcc
configure:3270: checking for C compiler version
configure:3279: gcc --version >&5
gcc (GCC) 4.9.3
Copyright (C) 2015 Free Software Foundation, Inc.
This is free software; see the source for copying conditions.  There is NO
warranty; not even for MERCHANTABILITY or FITNESS FOR A PARTICULAR PURPOSE.

configure:3290: $? = 0
configure:3279: gcc -v >&5
Using built-in specs.
COLLECT_GCC=gcc
COLLECT_LTO_WRAPPER=/usr/lib/gcc/i686-pc-cygwin/4.9.3/lto-wrapper.exe
Target: i686-pc-cygwin
Configured with: /cygdrive/i/szsz/tmpp/gcc/gcc-4.9.3-1.i686/src/gcc-4.9.3/configure --srcdir=/cygdrive/i/szsz/tmpp/gcc/gcc-4.9.3-1.i686/src/gcc-4.9.3 --prefix=/usr --exec-prefix=/usr --localstatedir=/var --sysconfdir=/etc --docdir=/usr/share/doc/gcc --htmldir=/usr/share/doc/gcc/html -C --build=i686-pc-cygwin --host=i686-pc-cygwin --target=i686-pc-cygwin --without-libiconv-prefix --without-libintl-prefix --libexecdir=/usr/lib --enable-shared --enable-shared-libgcc --enable-static --enable-version-specific-runtime-libs --enable-bootstrap --enable-__cxa_atexit --with-dwarf2 --with-arch=i686 --with-tune=generic --disable-sjlj-exceptions --enable-languages=ada,c,c++,fortran,java,lto,objc,obj-c++ --enable-graphite --enable-threads=posix --enable-libatomic --enable-libgomp --disable-libitm --enable-libquadmath --enable-libquadmath-support --enable-libssp --enable-libada --enable-libjava --enable-libgcj-sublibs --disable-java-awt --disable-symvers --with-ecj-jar=/usr/share/java/ecj.jar --with-gnu-ld --with-gnu-as --with-cloog-include=/usr/include/cloog-isl --without-libiconv-prefix --without-libintl-prefix --with-system-zlib --enable-linker-build-id
Thread model: posix
gcc version 4.9.3 (GCC) 
configure:3290: $? = 0
configure:3279: gcc -V >&5
gcc: error: unrecognized command line option '-V'
gcc: fatal error: no input files
compilation terminated.
configure:3290: $? = 1
configure:3279: gcc -qversion >&5
gcc: error: unrecognized command line option '-qversion'
gcc: fatal error: no input files
compilation terminated.
configure:3290: $? = 1
configure:3310: checking whether the C compiler works
configure:3332: gcc    conftest.c  >&5
configure:3336: $? = 0
configure:3384: result: yes
configure:3387: checking for C compiler default output file name
configure:3389: result: a.exe
configure:3395: checking for suffix of executables
configure:3402: gcc -o conftest.exe    conftest.c  >&5
configure:3406: $? = 0
configure:3428: result: .exe
configure:3450: checking whether we are cross compiling
configure:3458: gcc -o conftest.exe    conftest.c  >&5
configure:3462: $? = 0
configure:3469: ./conftest.exe
configure:3473: $? = 0
configure:3488: result: no
configure:3493: checking for suffix of object files
configure:3515: gcc -c   conftest.c >&5
configure:3519: $? = 0
configure:3540: result: o
configure:3544: checking whether we are using the GNU C compiler
configure:3563: gcc -c   conftest.c >&5
configure:3563: $? = 0
configure:3572: result: yes
configure:3581: checking whether gcc accepts -g
configure:3601: gcc -c -g  conftest.c >&5
configure:3601: $? = 0
configure:3642: result: yes
configure:3659: checking for gcc option to accept ISO C89
configure:3722: gcc  -c -g -O2  conftest.c >&5
configure:3722: $? = 0
configure:3735: result: none needed
configure:3760: checking whether gcc understands -c and -o together
configure:3782: gcc -c conftest.c -o conftest2.o
configure:3785: $? = 0
configure:3782: gcc -c conftest.c -o conftest2.o
configure:3785: $? = 0
configure:3797: result: yes
configure:3825: checking for style of include used by make
configure:3853: result: none
configure:3879: checking dependency style of gcc
configure:3990: result: none
configure:4034: checking build system type
configure:4048: result: i686-pc-cygwin
configure:4068: checking host system type
configure:4081: result: i686-pc-cygwin
configure:4122: checking how to print strings
configure:4149: result: printf
configure:4170: checking for a sed that does not truncate output
configure:4234: result: /usr/bin/sed
configure:4252: checking for grep that handles long lines and -e
configure:4310: result: /usr/bin/grep
configure:4315: checking for egrep
configure:4377: result: /usr/bin/grep -E
configure:4382: checking for fgrep
configure:4444: result: /usr/bin/grep -F
configure:4479: checking for ld used by gcc
configure:4546: result: /usr/i686-pc-cygwin/bin/ld.exe
configure:4553: checking if the linker (/usr/i686-pc-cygwin/bin/ld.exe) is GNU ld
configure:4568: result: yes
configure:4580: checking for BSD- or MS-compatible name lister (nm)
configure:4629: result: /usr/bin/nm -B
configure:4759: checking the name lister (/usr/bin/nm -B) interface
configure:4766: gcc -c -g -O2  conftest.c >&5
configure:4769: /usr/bin/nm -B "conftest.o"
configure:4772: output
00000000 b .bss
00000000 d .data
00000000 N .debug_abbrev
00000000 N .debug_aranges
00000000 N .debug_info
00000000 N .debug_line
00000000 r .rdata$zzz
00000000 t .text
00000000 B _some_variable
configure:4779: result: BSD nm
configure:4782: checking whether ln -s works
configure:4786: result: yes
configure:4794: checking the maximum length of command line arguments
configure:4925: result: 8192
configure:4942: checking whether the shell understands some XSI constructs
configure:4952: result: yes
configure:4956: checking whether the shell understands "+="
configure:4962: result: yes
configure:4997: checking how to convert i686-pc-cygwin file names to i686-pc-cygwin format
configure:5037: result: func_convert_file_noop
configure:5044: checking how to convert i686-pc-cygwin file names to toolchain format
configure:5064: result: func_convert_file_noop
configure:5071: checking for /usr/i686-pc-cygwin/bin/ld.exe option to reload object files
configure:5078: result: -r
configure:5152: checking for objdump
configure:5168: found /usr/bin/objdump
configure:5179: result: objdump
configure:5211: checking how to recognize dependent libraries
configure:5409: result: file_magic ^x86 archive import|^x86 DLL
configure:5494: checking for dlltool
configure:5510: found /usr/bin/dlltool
configure:5521: result: dlltool
configure:5554: checking how to associate runtime and link libraries
configure:5581: result: func_cygming_dll_for_implib
configure:5642: checking for ar
configure:5658: found /usr/bin/ar
configure:5669: result: ar
configure:5706: checking for archiver @FILE support
configure:5723: gcc -c -g -O2  conftest.c >&5
configure:5723: $? = 0
configure:5726: ar cru libconftest.a @conftest.lst >&5
configure:5729: $? = 0
configure:5734: ar cru libconftest.a @conftest.lst >&5
ar: conftest.o: No such file or directory
configure:5737: $? = 1
configure:5749: result: @
configure:5807: checking for strip
configure:5823: found /usr/bin/strip
configure:5834: result: strip
configure:5906: checking for ranlib
configure:5922: found /usr/bin/ranlib
configure:5933: result: ranlib
configure:6035: checking command to parse /usr/bin/nm -B output from gcc object
configure:6155: gcc -c -g -O2  conftest.c >&5
configure:6158: $? = 0
configure:6162: /usr/bin/nm -B conftest.o \| sed -n -e 's/^.*[ ]\([ABCDGIRSTW][ABCDGIRSTW]*\)[ ][ ]*\([_A-Za-z][_A-Za-z0-9]*\)$/\1 \2 \2/p' | sed '/ __gnu_lto/d' \> conftest.nm
configure:6165: $? = 0
cannot find nm_test_var in conftest.nm
configure:6155: gcc -c -g -O2  conftest.c >&5
configure:6158: $? = 0
configure:6162: /usr/bin/nm -B conftest.o \| sed -n -e 's/^.*[ ]\([ABCDGIRSTW][ABCDGIRSTW]*\)[ ][ ]*_\([_A-Za-z][_A-Za-z0-9]*\)$/\1 _\2 \2/p' | sed '/ __gnu_lto/d' \> conftest.nm
configure:6165: $? = 0
configure:6231: gcc -o conftest.exe -g -O2   conftest.c conftstm.o >&5
configure:6234: $? = 0
configure:6272: result: ok
configure:6309: checking for sysroot
configure:6339: result: no
configure:6608: checking for mt
configure:6638: result: no
configure:6658: checking if : is a manifest tool
configure:6664: : '-?'
configure:6672: result: no
configure:7314: checking how to run the C preprocessor
configure:7345: gcc -E  conftest.c
configure:7345: $? = 0
configure:7359: gcc -E  conftest.c
conftest.c:11:28: fatal error: ac_nonexistent.h: No such file or directory
 #include <ac_nonexistent.h>
                            ^
compilation terminated.
configure:7359: $? = 1
configure: failed program was:
| /* confdefs.h */
| #define PACKAGE_NAME "jansson"
| #define PACKAGE_TARNAME "jansson"
| #define PACKAGE_VERSION "2.8"
| #define PACKAGE_STRING "jansson 2.8"
| #define PACKAGE_BUGREPORT "petri@digip.org"
| #define PACKAGE_URL ""
| #define PACKAGE "jansson"
| #define VERSION "2.8"
| /* end confdefs.h.  */
| #include <ac_nonexistent.h>
configure:7384: result: gcc -E
configure:7404: gcc -E  conftest.c
configure:7404: $? = 0
configure:7418: gcc -E  conftest.c
conftest.c:11:28: fatal error: ac_nonexistent.h: No such file or directory
 #include <ac_nonexistent.h>
                            ^
compilation terminated.
configure:7418: $? = 1
configure: failed program was:
| /* confdefs.h */
| #define PACKAGE_NAME "jansson"
| #define PACKAGE_TARNAME "jansson"
| #define PACKAGE_VERSION "2.8"
| #define PACKAGE_STRING "jansson 2.8"
| #define PACKAGE_BUGREPORT "petri@digip.org"
| #define PACKAGE_URL ""
| #define PACKAGE "jansson"
| #define VERSION "2.8"
| /* end confdefs.h.  */
| #include <ac_nonexistent.h>
configure:7447: checking for ANSI C header files
configure:7467: gcc -c -g -O2  conftest.c >&5
configure:7467: $? = 0
configure:7540: gcc -o conftest.exe -g -O2   conftest.c  >&5
configure:7540: $? = 0
configure:7540: ./conftest.exe
configure:7540: $? = 0
configure:7551: result: yes
configure:7564: checking for sys/types.h
configure:7564: gcc -c -g -O2  conftest.c >&5
configure:7564: $? = 0
configure:7564: result: yes
configure:7564: checking for sys/stat.h
configure:7564: gcc -c -g -O2  conftest.c >&5
configure:7564: $? = 0
configure:7564: result: yes
configure:7564: checking for stdlib.h
configure:7564: gcc -c -g -O2  conftest.c >&5
configure:7564: $? = 0
configure:7564: result: yes
configure:7564: checking for string.h
configure:7564: gcc -c -g -O2  conftest.c >&5
configure:7564: $? = 0
configure:7564: result: yes
configure:7564: checking for memory.h
configure:7564: gcc -c -g -O2  conftest.c >&5
configure:7564: $? = 0
configure:7564: result: yes
configure:7564: checking for strings.h
configure:7564: gcc -c -g -O2  conftest.c >&5
configure:7564: $? = 0
configure:7564: result: yes
configure:7564: checking for inttypes.h
configure:7564: gcc -c -g -O2  conftest.c >&5
configure:7564: $? = 0
configure:7564: result: yes
configure:7564: checking for stdint.h
configure:7564: gcc -c -g -O2  conftest.c >&5
configure:7564: $? = 0
configure:7564: result: yes
configure:7564: checking for unistd.h
configure:7564: gcc -c -g -O2  conftest.c >&5
configure:7564: $? = 0
configure:7564: result: yes
configure:7578: checking for dlfcn.h
configure:7578: gcc -c -g -O2  conftest.c >&5
configure:7578: $? = 0
configure:7578: result: yes
configure:7784: checking for objdir
configure:7799: result: .libs
configure:8066: checking if gcc supports -fno-rtti -fno-exceptions
configure:8084: gcc -c -g -O2  -fno-rtti -fno-exceptions conftest.c >&5
cc1: warning: command line option '-fno-rtti' is valid for C++/ObjC++ but not for C
configure:8088: $? = 0
configure:8101: result: no
configure:8428: checking for gcc option to produce PIC
configure:8435: result: -DDLL_EXPORT -DPIC
configure:8443: checking if gcc PIC flag -DDLL_EXPORT -DPIC works
configure:8461: gcc -c -g -O2  -DDLL_EXPORT -DPIC -DPIC conftest.c >&5
configure:8465: $? = 0
configure:8478: result: yes
configure:8507: checking if gcc static flag -static works
configure:8535: result: yes
configure:8550: checking if gcc supports -c -o file.o
configure:8571: gcc -c -g -O2  -o out/conftest2.o conftest.c >&5
configure:8575: $? = 0
configure:8597: result: yes
configure:8605: checking if gcc supports -c -o file.o
configure:8652: result: yes
configure:8685: checking whether the gcc linker (/usr/i686-pc-cygwin/bin/ld.exe) supports shared libraries
configure:9842: result: yes
configure:9879: checking whether -lc should be explicitly linked in
configure:9887: gcc -c -g -O2  conftest.c >&5
configure:9890: $? = 0
configure:9905: gcc -shared conftest.o  -v -o ./conftest -Wl,--enable-auto-image-base -Xlinker --out-implib -Xlinker conftest 2\>\&1 \| /usr/bin/grep  -lc  \>/dev/null 2\>\&1
configure:9908: $? = 1
configure:9922: result: yes
configure:10082: checking dynamic linker characteristics
configure:10816: result: Win32 ld.exe
configure:10923: checking how to hardcode library paths into programs
configure:10948: result: immediate
configure:11488: checking whether stripping libraries is possible
configure:11493: result: yes
configure:11528: checking if libtool supports shared libraries
configure:11530: result: yes
configure:11533: checking whether to build shared libraries
configure:11554: result: yes
configure:11557: checking whether to build static libraries
configure:11561: result: yes
configure:11613: checking endian.h usability
configure:11613: gcc -c -g -O2  conftest.c >&5
configure:11613: $? = 0
configure:11613: result: yes
configure:11613: checking endian.h presence
configure:11613: gcc -E  conftest.c
configure:11613: $? = 0
configure:11613: result: yes
configure:11613: checking for endian.h
configure:11613: result: yes
configure:11613: checking fcntl.h usability
configure:11613: gcc -c -g -O2  conftest.c >&5
configure:11613: $? = 0
configure:11613: result: yes
configure:11613: checking fcntl.h presence
configure:11613: gcc -E  conftest.c
configure:11613: $? = 0
configure:11613: result: yes
configure:11613: checking for fcntl.h
configure:11613: result: yes
configure:11613: checking locale.h usability
configure:11613: gcc -c -g -O2  conftest.c >&5
configure:11613: $? = 0
configure:11613: result: yes
configure:11613: checking locale.h presence
configure:11613: gcc -E  conftest.c
configure:11613: $? = 0
configure:11613: result: yes
configure:11613: checking for locale.h
configure:11613: result: yes
configure:11613: checking sched.h usability
configure:11613: gcc -c -g -O2  conftest.c >&5
configure:11613: $? = 0
configure:11613: result: yes
configure:11613: checking sched.h presence
configure:11613: gcc -E  conftest.c
configure:11613: $? = 0
configure:11613: result: yes
configure:11613: checking for sched.h
configure:11613: result: yes
configure:11613: checking for unistd.h
configure:11613: result: yes
configure:11613: checking sys/param.h usability
configure:11613: gcc -c -g -O2  conftest.c >&5
configure:11613: $? = 0
configure:11613: result: yes
configure:11613: checking sys/param.h presence
configure:11613: gcc -E  conftest.c
configure:11613: $? = 0
configure:11613: result: yes
configure:11613: checking for sys/param.h
configure:11613: result: yes
configure:11613: checking for sys/stat.h
configure:11613: result: yes
configure:11613: checking sys/time.h usability
configure:11613: gcc -c -g -O2  conftest.c >&5
configure:11613: $? = 0
configure:11613: result: yes
configure:11613: checking sys/time.h presence
configure:11613: gcc -E  conftest.c
configure:11613: $? = 0
configure:11613: result: yes
configure:11613: checking for sys/time.h
configure:11613: result: yes
configure:11613: checking for sys/types.h
configure:11613: result: yes
configure:11625: checking for int32_t
configure:11625: gcc -c -g -O2  conftest.c >&5
configure:11625: $? = 0
configure:11625: gcc -c -g -O2  conftest.c >&5
conftest.c: In function 'main':
conftest.c:70:53: warning: integer overflow in expression [-Woverflow]
    < (int32_t) (((((int32_t) 1 << N) << N) - 1) * 2 + 2))];
                                                     ^
conftest.c:69:12: error: storage size of 'test_array' isn't constant
 static int test_array [1 - 2 * !((int32_t) (((((int32_t) 1 << N) << N) - 1) * 2 + 1)
            ^
configure:11625: $? = 1
configure: failed program was:
| /* confdefs.h */
| #define PACKAGE_NAME "jansson"
| #define PACKAGE_TARNAME "jansson"
| #define PACKAGE_VERSION "2.8"
| #define PACKAGE_STRING "jansson 2.8"
| #define PACKAGE_BUGREPORT "petri@digip.org"
| #define PACKAGE_URL ""
| #define PACKAGE "jansson"
| #define VERSION "2.8"
| #define STDC_HEADERS 1
| #define HAVE_SYS_TYPES_H 1
| #define HAVE_SYS_STAT_H 1
| #define HAVE_STDLIB_H 1
| #define HAVE_STRING_H 1
| #define HAVE_MEMORY_H 1
| #define HAVE_STRINGS_H 1
| #define HAVE_INTTYPES_H 1
| #define HAVE_STDINT_H 1
| #define HAVE_UNISTD_H 1
| #define HAVE_DLFCN_H 1
| #define LT_OBJDIR ".libs/"
| #define HAVE_ENDIAN_H 1
| #define HAVE_FCNTL_H 1
| #define HAVE_LOCALE_H 1
| #define HAVE_SCHED_H 1
| #define HAVE_UNISTD_H 1
| #define HAVE_SYS_PARAM_H 1
| #define HAVE_SYS_STAT_H 1
| #define HAVE_SYS_TIME_H 1
| #define HAVE_SYS_TYPES_H 1
| /* end confdefs.h.  */
| #include <stdio.h>
| #ifdef HAVE_SYS_TYPES_H
| # include <sys/types.h>
| #endif
| #ifdef HAVE_SYS_STAT_H
| # include <sys/stat.h>
| #endif
| #ifdef STDC_HEADERS
| # include <stdlib.h>
| # include <stddef.h>
| #else
| # ifdef HAVE_STDLIB_H
| #  include <stdlib.h>
| # endif
| #endif
| #ifdef HAVE_STRING_H
| # if !defined STDC_HEADERS && defined HAVE_MEMORY_H
| #  include <memory.h>
| # endif
| # include <string.h>
| #endif
| #ifdef HAVE_STRINGS_H
| # include <strings.h>
| #endif
| #ifdef HAVE_INTTYPES_H
| # include <inttypes.h>
| #endif
| #ifdef HAVE_STDINT_H
| # include <stdint.h>
| #endif
| #ifdef HAVE_UNISTD_H
| # include <unistd.h>
| #endif
| 	        enum { N = 32 / 2 - 1 };
| int
| main ()
| {
| static int test_array [1 - 2 * !((int32_t) (((((int32_t) 1 << N) << N) - 1) * 2 + 1)
| 		 < (int32_t) (((((int32_t) 1 << N) << N) - 1) * 2 + 2))];
| test_array [0] = 0;
| return test_array [0];
| 
|   ;
|   return 0;
| }
configure:11625: result: yes
configure:11636: checking for uint32_t
configure:11636: gcc -c -g -O2  conftest.c >&5
configure:11636: $? = 0
configure:11636: result: yes
configure:11650: checking for uint16_t
configure:11650: gcc -c -g -O2  conftest.c >&5
configure:11650: $? = 0
configure:11650: result: yes
configure:11662: checking for uint8_t
configure:11662: gcc -c -g -O2  conftest.c >&5
configure:11662: $? = 0
configure:11662: result: yes
configure:11677: checking for unsigned long long int
configure:11716: gcc -o conftest.exe -g -O2   conftest.c  >&5
configure:11716: $? = 0
configure:11725: result: yes
configure:11735: checking for long long int
configure:11773: gcc -o conftest.exe -g -O2   conftest.c  >&5
configure:11773: $? = 0
configure:11773: ./conftest.exe
configure:11773: $? = 0
configure:11785: result: yes
configure:11794: checking for inline
configure:11810: gcc -c -g -O2  conftest.c >&5
configure:11810: $? = 0
configure:11818: result: inline
configure:11847: checking for close
configure:11847: gcc -o conftest.exe -g -O2   conftest.c  >&5
configure:11847: $? = 0
configure:11847: result: yes
configure:11847: checking for getpid
configure:11847: gcc -o conftest.exe -g -O2   conftest.c  >&5
configure:11847: $? = 0
configure:11847: result: yes
configure:11847: checking for gettimeofday
configure:11847: gcc -o conftest.exe -g -O2   conftest.c  >&5
configure:11847: $? = 0
configure:11847: result: yes
configure:11847: checking for localeconv
configure:11847: gcc -o conftest.exe -g -O2   conftest.c  >&5
configure:11847: $? = 0
configure:11847: result: yes
configure:11847: checking for open
configure:11847: gcc -o conftest.exe -g -O2   conftest.c  >&5
configure:11847: $? = 0
configure:11847: result: yes
configure:11847: checking for read
configure:11847: gcc -o conftest.exe -g -O2   conftest.c  >&5
configure:11847: $? = 0
configure:11847: result: yes
configure:11847: checking for sched_yield
configure:11847: gcc -o conftest.exe -g -O2   conftest.c  >&5
configure:11847: $? = 0
configure:11847: result: yes
configure:11847: checking for strtoll
configure:11847: gcc -o conftest.exe -g -O2   conftest.c  >&5
configure:11847: $? = 0
configure:11847: result: yes
configure:11857: checking for gcc __sync builtins
configure:11871: gcc -o conftest.exe -g -O2   conftest.c  >&5
configure:11871: $? = 0
configure:11881: result: yes
configure:11884: checking for gcc __atomic builtins
configure:11898: gcc -o conftest.exe -g -O2   conftest.c  >&5
configure:11898: $? = 0
configure:11908: result: yes
configure:12081: checking that generated files are newer than configure
configure:12087: result: done
configure:12114: creating ./config.status

## ---------------------- ##
## Running config.status. ##
## ---------------------- ##

This file was extended by jansson config.status 2.8, which was
generated by GNU Autoconf 2.69.  Invocation command line was

  CONFIG_FILES    = 
  CONFIG_HEADERS  = 
  CONFIG_LINKS    = 
  CONFIG_COMMANDS = 
  $ ./config.status 

on DESKTOP-HAP7ED9

config.status:1131: creating jansson.pc
config.status:1131: creating Makefile
config.status:1131: creating doc/Makefile
config.status:1131: creating src/Makefile
config.status:1131: creating src/jansson_config.h
config.status:1131: creating test/Makefile
config.status:1131: creating test/bin/Makefile
config.status:1131: creating test/suites/Makefile
config.status:1131: creating test/suites/api/Makefile
config.status:1131: creating jansson_private_config.h
config.status:1360: executing depfiles commands
config.status:1360: executing libtool commands

## ---------------- ##
## Cache variables. ##
## ---------------- ##

ac_cv_build=i686-pc-cygwin
ac_cv_c_compiler_gnu=yes
ac_cv_c_inline=inline
ac_cv_c_int32_t=yes
ac_cv_c_uint16_t=yes
ac_cv_c_uint32_t=yes
ac_cv_c_uint8_t=yes
ac_cv_env_CC_set=
ac_cv_env_CC_value=
ac_cv_env_CFLAGS_set=
ac_cv_env_CFLAGS_value=
ac_cv_env_CPPFLAGS_set=
ac_cv_env_CPPFLAGS_value=
ac_cv_env_CPP_set=
ac_cv_env_CPP_value=
ac_cv_env_LDFLAGS_set=
ac_cv_env_LDFLAGS_value=
ac_cv_env_LIBS_set=
ac_cv_env_LIBS_value=
ac_cv_env_build_alias_set=
ac_cv_env_build_alias_value=
ac_cv_env_host_alias_set=
ac_cv_env_host_alias_value=
ac_cv_env_target_alias_set=
ac_cv_env_target_alias_value=
ac_cv_exeext=.exe
ac_cv_func_close=yes
ac_cv_func_getpid=yes
ac_cv_func_gettimeofday=yes
ac_cv_func_localeconv=yes
ac_cv_func_open=yes
ac_cv_func_read=yes
ac_cv_func_sched_yield=yes
ac_cv_func_strtoll=yes
ac_cv_header_dlfcn_h=yes
ac_cv_header_endian_h=yes
ac_cv_header_fcntl_h=yes
ac_cv_header_inttypes_h=yes
ac_cv_header_locale_h=yes
ac_cv_header_memory_h=yes
ac_cv_header_sched_h=yes
ac_cv_header_stdc=yes
ac_cv_header_stdint_h=yes
ac_cv_header_stdlib_h=yes
ac_cv_header_string_h=yes
ac_cv_header_strings_h=yes
ac_cv_header_sys_param_h=yes
ac_cv_header_sys_stat_h=yes
ac_cv_header_sys_time_h=yes
ac_cv_header_sys_types_h=yes
ac_cv_header_unistd_h=yes
ac_cv_host=i686-pc-cygwin
ac_cv_objext=o
ac_cv_path_EGREP='/usr/bin/grep -E'
ac_cv_path_FGREP='/usr/bin/grep -F'
ac_cv_path_GREP=/usr/bin/grep
ac_cv_path_SED=/usr/bin/sed
ac_cv_path_install='/usr/bin/install -c'
ac_cv_path_mkdir=/usr/bin/mkdir
ac_cv_prog_AWK=gawk
ac_cv_prog_CPP='gcc -E'
ac_cv_prog_ac_ct_AR=ar
ac_cv_prog_ac_ct_CC=gcc
ac_cv_prog_ac_ct_DLLTOOL=dlltool
ac_cv_prog_ac_ct_OBJDUMP=objdump
ac_cv_prog_ac_ct_RANLIB=ranlib
ac_cv_prog_ac_ct_STRIP=strip
ac_cv_prog_cc_c89=
ac_cv_prog_cc_g=yes
ac_cv_prog_make_make_set=no
ac_cv_type_long_long_int=yes
ac_cv_type_unsigned_long_long_int=yes
am_cv_CC_dependencies_compiler_type=none
am_cv_make_support_nested_variables=no
am_cv_prog_cc_c_o=yes
lt_cv_ar_at_file=@
lt_cv_archive_cmds_need_lc=yes
lt_cv_deplibs_check_method='file_magic ^x86 archive import|^x86 DLL'
lt_cv_file_magic_cmd=func_win32_libid
lt_cv_file_magic_test_file=
lt_cv_ld_reload_flag=-r
lt_cv_nm_interface='BSD nm'
lt_cv_objdir=.libs
lt_cv_path_LD=/usr/i686-pc-cygwin/bin/ld.exe
lt_cv_path_NM='/usr/bin/nm -B'
lt_cv_path_mainfest_tool=no
lt_cv_prog_compiler_c_o=yes
lt_cv_prog_compiler_pic='-DDLL_EXPORT -DPIC'
lt_cv_prog_compiler_pic_works=yes
lt_cv_prog_compiler_rtti_exceptions=no
lt_cv_prog_compiler_static_works=yes
lt_cv_prog_gnu_ld=yes
lt_cv_sharedlib_from_linklib_cmd=func_cygming_dll_for_implib
lt_cv_sys_global_symbol_pipe='sed -n -e '\''s/^.*[	 ]\([ABCDGIRSTW][ABCDGIRSTW]*\)[	 ][	 ]*_\([_A-Za-z][_A-Za-z0-9]*\)$/\1 _\2 \2/p'\'' | sed '\''/ __gnu_lto/d'\'''
lt_cv_sys_global_symbol_to_c_name_address='sed -n -e '\''s/^: \([^ ]*\)[ ]*$/  {\"\1\", (void *) 0},/p'\'' -e '\''s/^[ABCDGIRSTW]* \([^ ]*\) \([^ ]*\)$/  {"\2", (void *) \&\2},/p'\'''
lt_cv_sys_global_symbol_to_c_name_address_lib_prefix='sed -n -e '\''s/^: \([^ ]*\)[ ]*$/  {\"\1\", (void *) 0},/p'\'' -e '\''s/^[ABCDGIRSTW]* \([^ ]*\) \(lib[^ ]*\)$/  {"\2", (void *) \&\2},/p'\'' -e '\''s/^[ABCDGIRSTW]* \([^ ]*\) \([^ ]*\)$/  {"lib\2", (void *) \&\2},/p'\'''
lt_cv_sys_global_symbol_to_cdecl='sed -n -e '\''s/^T .* \(.*\)$/extern int \1();/p'\'' -e '\''s/^[ABCDGIRSTW]* .* \(.*\)$/extern char \1;/p'\'''
lt_cv_sys_max_cmd_len=8192
lt_cv_to_host_file_cmd=func_convert_file_noop
lt_cv_to_tool_file_cmd=func_convert_file_noop

## ----------------- ##
## Output variables. ##
## ----------------- ##

ACLOCAL='${SHELL} /cygdrive/c/wisense/gateway/jansson-2.8/missing aclocal-1.15'
AMDEPBACKSLASH='\'
AMDEP_FALSE='#'
AMDEP_TRUE=''
AMTAR='$${TAR-tar}'
AM_BACKSLASH='\'
AM_CFLAGS='-Wall -Wextra -Wdeclaration-after-statement'
AM_DEFAULT_V='1'
AM_DEFAULT_VERBOSITY='1'
AM_V='1'
AR='ar'
AUTOCONF='${SHELL} /cygdrive/c/wisense/gateway/jansson-2.8/missing autoconf'
AUTOHEADER='${SHELL} /cygdrive/c/wisense/gateway/jansson-2.8/missing autoheader'
AUTOMAKE='${SHELL} /cygdrive/c/wisense/gateway/jansson-2.8/missing automake-1.15'
AWK='gawk'
CC='gcc'
CCDEPMODE='depmode=none'
CFLAGS='-g -O2'
CPP='gcc -E'
CPPFLAGS=''
CYGPATH_W='cygpath -w'
DEFS='-DHAVE_CONFIG_H'
DEPDIR='.deps'
DLLTOOL='dlltool'
DSYMUTIL=''
DUMPBIN=''
ECHO_C=''
ECHO_N='-n'
ECHO_T=''
EGREP='/usr/bin/grep -E'
EXEEXT='.exe'
FGREP='/usr/bin/grep -F'
GCC_FALSE='#'
GCC_TRUE=''
GREP='/usr/bin/grep'
INSTALL_DATA='${INSTALL} -m 644'
INSTALL_PROGRAM='${INSTALL}'
INSTALL_SCRIPT='${INSTALL}'
INSTALL_STRIP_PROGRAM='$(install_sh) -c -s'
LD='/usr/i686-pc-cygwin/bin/ld.exe'
LDFLAGS=''
LIBOBJS=''
LIBS=''
LIBTOOL='$(SHELL) $(top_builddir)/libtool'
LIPO=''
LN_S='ln -s'
LTLIBOBJS=''
MAKEINFO='${SHELL} /cygdrive/c/wisense/gateway/jansson-2.8/missing makeinfo'
MANIFEST_TOOL=':'
MKDIR_P='/usr/bin/mkdir -p'
NM='/usr/bin/nm -B'
NMEDIT=''
OBJDUMP='objdump'
OBJEXT='o'
OTOOL64=''
OTOOL=''
PACKAGE='jansson'
PACKAGE_BUGREPORT='petri@digip.org'
PACKAGE_NAME='jansson'
PACKAGE_STRING='jansson 2.8'
PACKAGE_TARNAME='jansson'
PACKAGE_URL=''
PACKAGE_VERSION='2.8'
PATH_SEPARATOR=':'
RANLIB='ranlib'
SED='/usr/bin/sed'
SET_MAKE='MAKE=make'
SHELL='/bin/sh'
STRIP='strip'
VERSION='2.8'
ac_ct_AR='ar'
ac_ct_CC='gcc'
ac_ct_DUMPBIN=''
am__EXEEXT_FALSE='#'
am__EXEEXT_TRUE=''
am__fastdepCC_FALSE=''
am__fastdepCC_TRUE='#'
am__include='#'
am__isrc=''
am__leading_dot='.'
am__nodep='_no'
am__quote=''
am__tar='$${TAR-tar} chof - "$$tardir"'
am__untar='$${TAR-tar} xf -'
bindir='${exec_prefix}/bin'
build='i686-pc-cygwin'
build_alias=''
build_cpu='i686'
build_os='cygwin'
build_vendor='pc'
datadir='${datarootdir}'
datarootdir='${prefix}/share'
docdir='${datarootdir}/doc/${PACKAGE_TARNAME}'
dvidir='${docdir}'
exec_prefix='${prefix}'
host='i686-pc-cygwin'
host_alias=''
host_cpu='i686'
host_os='cygwin'
host_vendor='pc'
htmldir='${docdir}'
includedir='${prefix}/include'
infodir='${datarootdir}/info'
install_sh='${SHELL} /cygdrive/c/wisense/gateway/jansson-2.8/install-sh'
json_have_localeconv='1'
json_have_long_long='1'
json_inline='inline'
libdir='${exec_prefix}/lib'
libexecdir='${exec_prefix}/libexec'
localedir='${datarootdir}/locale'
localstatedir='${prefix}/var'
mandir='${datarootdir}/man'
mkdir_p='$(MKDIR_P)'
oldincludedir='/usr/include'
pdfdir='${docdir}'
prefix='/usr/local'
program_transform_name='s,x,x,'
psdir='${docdir}'
sbindir='${exec_prefix}/sbin'
sharedstatedir='${prefix}/com'
sysconfdir='${prefix}/etc'
target_alias=''

## ----------- ##
## confdefs.h. ##
## ----------- ##

/* confdefs.h */
#define PACKAGE_NAME "jansson"
#define PACKAGE_TARNAME "jansson"
#define PACKAGE_VERSION "2.8"
#define PACKAGE_STRING "jansson 2.8"
#define PACKAGE_BUGREPORT "petri@digip.org"
#define PACKAGE_URL ""
#define PACKAGE "jansson"
#define VERSION "2.8"
#define STDC_HEADERS 1
#define HAVE_SYS_TYPES_H 1
#define HAVE_SYS_STAT_H 1
#define HAVE_STDLIB_H 1
#define HAVE_STRING_H 1
#define HAVE_MEMORY_H 1
#define HAVE_STRINGS_H 1
#define HAVE_INTTYPES_H 1
#define HAVE_STDINT_H 1
#define HAVE_UNISTD_H 1
#define HAVE_DLFCN_H 1
#define LT_OBJDIR ".libs/"
#define HAVE_ENDIAN_H 1
#define HAVE_FCNTL_H 1
#define HAVE_LOCALE_H 1
#define HAVE_SCHED_H 1
#define HAVE_UNISTD_H 1
#define HAVE_SYS_PARAM_H 1
#define HAVE_SYS_STAT_H 1
#define HAVE_SYS_TIME_H 1
#define HAVE_SYS_TYPES_H 1
#define HAVE_UNSIGNED_LONG_LONG_INT 1
#define HAVE_LONG_LONG_INT 1
#define HAVE_CLOSE 1
#define HAVE_GETPID 1
#define HAVE_GETTIMEOFDAY 1
#define HAVE_LOCALECONV 1
#define HAVE_OPEN 1
#define HAVE_READ 1
#define HAVE_SCHED_YIELD 1
#define HAVE_STRTOLL 1
#define HAVE_SYNC_BUILTINS 1
#define HAVE_ATOMIC_BUILTINS 1
#define USE_URANDOM 1
#define USE_WINDOWS_CRYPTOAPI 1
#define INITIAL_HASHTABLE_ORDER 3

configure: exit 0
